<?xml version="1.0" encoding="UTF-8"?>
<!-- Generated by org.testng.reporters.JUnitXMLReporter -->
<testsuite ignored="0" hostname="Balram" failures="0" tests="5" name="Default test" time="12.976" errors="0" timestamp="2024-11-26T15:27:52 IST">
  <testcase classname="api.test.UserTests2" name="testPostUser" time="3.327"/>
  <testcase classname="api.test.UserTests2" name="testGetUserByName" time="1.835"/>
  <testcase classname="api.test.UserTests2" name="testLoginUser" time="2.129"/>
  <testcase classname="api.test.UserTests2" name="testUpdateUserByName" time="3.321"/>
  <testcase classname="api.test.UserTests2" name="testDeleteUserByName" time="1.601"/>
</testsuite> <!-- Default test -->
