<?xml version="1.0" encoding="UTF-8"?>
<!-- Generated by org.testng.reporters.JUnitXMLReporter -->
<testsuite ignored="0" hostname="Balram" failures="0" tests="6" name="Default test" time="13.298" errors="0" timestamp="2024-11-25T17:00:20 IST">
  <testcase classname="api.test.DDTests" name="testPostuser" time="3.245"/>
  <testcase classname="api.test.DDTests" name="testPostuser" time="1.469"/>
  <testcase classname="api.test.DDTests" name="testPostuser" time="1.578"/>
  <testcase classname="api.test.DDTests" name="testDeleteUserByName" time="1.565"/>
  <testcase classname="api.test.DDTests" name="testDeleteUserByName" time="1.489"/>
  <testcase classname="api.test.DDTests" name="testDeleteUserByName" time="2.156"/>
</testsuite> <!-- Default test -->
