<?xml version="1.0" encoding="UTF-8"?>
<testng-results ignored="0" total="14" passed="14" failed="0" skipped="0">
  <reporter-output>
  </reporter-output>
  <suite started-at="2024-11-26T12:39:32 IST" name="PetSuite" finished-at="2024-11-26T12:40:10 IST" duration-ms="37999">
    <groups>
    </groups>
    <test started-at="2024-11-26T12:39:32 IST" name="PetTests" finished-at="2024-11-26T12:40:10 IST" duration-ms="37999">
      <class name="api.test.UserTests2">
        <test-method is-config="true" signature="setup()[pri:0, instance:api.test.UserTests2@4fb0f2b9]" started-at="2024-11-26T12:40:02 IST" name="setup" finished-at="2024-11-26T12:40:02 IST" duration-ms="36" status="PASS">
          <reporter-output>
          </reporter-output>
        </test-method> <!-- setup -->
        <test-method signature="testPostUser()[pri:1, instance:api.test.UserTests2@4fb0f2b9]" started-at="2024-11-26T12:40:02 IST" name="testPostUser" finished-at="2024-11-26T12:40:04 IST" duration-ms="1531" status="PASS">
          <reporter-output>
          </reporter-output>
        </test-method> <!-- testPostUser -->
        <test-method signature="testGetUserByName()[pri:2, instance:api.test.UserTests2@4fb0f2b9]" started-at="2024-11-26T12:40:04 IST" name="testGetUserByName" finished-at="2024-11-26T12:40:05 IST" duration-ms="1618" status="PASS">
          <reporter-output>
          </reporter-output>
        </test-method> <!-- testGetUserByName -->
        <test-method signature="testUpdateUserByName()[pri:3, instance:api.test.UserTests2@4fb0f2b9]" started-at="2024-11-26T12:40:05 IST" name="testUpdateUserByName" finished-at="2024-11-26T12:40:08 IST" duration-ms="2932" status="PASS">
          <reporter-output>
          </reporter-output>
        </test-method> <!-- testUpdateUserByName -->
        <test-method signature="testDeleteUserByName()[pri:4, instance:api.test.UserTests2@4fb0f2b9]" started-at="2024-11-26T12:40:08 IST" name="testDeleteUserByName" finished-at="2024-11-26T12:40:10 IST" duration-ms="1474" status="PASS">
          <reporter-output>
          </reporter-output>
        </test-method> <!-- testDeleteUserByName -->
      </class> <!-- api.test.UserTests2 -->
      <class name="api.test.UserTests">
        <test-method is-config="true" signature="setupData()[pri:0, instance:api.test.UserTests@1fa268de]" started-at="2024-11-26T12:39:32 IST" name="setupData" finished-at="2024-11-26T12:39:33 IST" duration-ms="402" status="PASS">
          <reporter-output>
          </reporter-output>
        </test-method> <!-- setupData -->
        <test-method signature="TestPostUser()[pri:1, instance:api.test.UserTests@1fa268de]" started-at="2024-11-26T12:39:33 IST" name="TestPostUser" finished-at="2024-11-26T12:39:39 IST" duration-ms="5882" status="PASS">
          <reporter-output>
          </reporter-output>
        </test-method> <!-- TestPostUser -->
        <test-method signature="TestGetUserByName()[pri:2, instance:api.test.UserTests@1fa268de]" started-at="2024-11-26T12:39:39 IST" name="TestGetUserByName" finished-at="2024-11-26T12:39:41 IST" duration-ms="2478" status="PASS">
          <reporter-output>
          </reporter-output>
        </test-method> <!-- TestGetUserByName -->
        <test-method signature="TestUpdateUserByName()[pri:3, instance:api.test.UserTests@1fa268de]" started-at="2024-11-26T12:39:41 IST" name="TestUpdateUserByName" finished-at="2024-11-26T12:39:48 IST" duration-ms="7268" status="PASS">
          <reporter-output>
          </reporter-output>
        </test-method> <!-- TestUpdateUserByName -->
        <test-method signature="TestDeleteUserByName()[pri:4, instance:api.test.UserTests@1fa268de]" started-at="2024-11-26T12:39:48 IST" name="TestDeleteUserByName" finished-at="2024-11-26T12:39:50 IST" duration-ms="2040" status="PASS">
          <reporter-output>
          </reporter-output>
        </test-method> <!-- TestDeleteUserByName -->
      </class> <!-- api.test.UserTests -->
      <class name="api.test.DDTests">
        <test-method signature="testPostuser(java.lang.String,java.lang.String,java.lang.String,java.lang.String,java.lang.String,java.lang.String,java.lang.String)[pri:1, instance:api.test.DDTests@4fb61f4a]" started-at="2024-11-26T12:39:53 IST" name="testPostuser" data-provider="Data" finished-at="2024-11-26T12:39:54 IST" duration-ms="1285" status="PASS">
          <params>
            <param index="0">
              <value>
                <![CDATA[1010]]>
              </value>
            </param>
            <param index="1">
              <value>
                <![CDATA[testuser1]]>
              </value>
            </param>
            <param index="2">
              <value>
                <![CDATA[John]]>
              </value>
            </param>
            <param index="3">
              <value>
                <![CDATA[Canedy]]>
              </value>
            </param>
            <param index="4">
              <value>
                <![CDATA[a@gmail.com]]>
              </value>
            </param>
            <param index="5">
              <value>
                <![CDATA[test@1]]>
              </value>
            </param>
            <param index="6">
              <value>
                <![CDATA[1234567897]]>
              </value>
            </param>
          </params>
          <reporter-output>
          </reporter-output>
        </test-method> <!-- testPostuser -->
        <test-method signature="testPostuser(java.lang.String,java.lang.String,java.lang.String,java.lang.String,java.lang.String,java.lang.String,java.lang.String)[pri:1, instance:api.test.DDTests@4fb61f4a]" started-at="2024-11-26T12:39:54 IST" name="testPostuser" data-provider="Data" finished-at="2024-11-26T12:39:55 IST" duration-ms="1381" status="PASS">
          <params>
            <param index="0">
              <value>
                <![CDATA[1020]]>
              </value>
            </param>
            <param index="1">
              <value>
                <![CDATA[testuser2]]>
              </value>
            </param>
            <param index="2">
              <value>
                <![CDATA[Kim]]>
              </value>
            </param>
            <param index="3">
              <value>
                <![CDATA[Kom]]>
              </value>
            </param>
            <param index="4">
              <value>
                <![CDATA[b@gmail.com]]>
              </value>
            </param>
            <param index="5">
              <value>
                <![CDATA[test@2]]>
              </value>
            </param>
            <param index="6">
              <value>
                <![CDATA[1234567897]]>
              </value>
            </param>
          </params>
          <reporter-output>
          </reporter-output>
        </test-method> <!-- testPostuser -->
        <test-method signature="testPostuser(java.lang.String,java.lang.String,java.lang.String,java.lang.String,java.lang.String,java.lang.String,java.lang.String)[pri:1, instance:api.test.DDTests@4fb61f4a]" started-at="2024-11-26T12:39:55 IST" name="testPostuser" data-provider="Data" finished-at="2024-11-26T12:39:57 IST" duration-ms="1580" status="PASS">
          <params>
            <param index="0">
              <value>
                <![CDATA[1030]]>
              </value>
            </param>
            <param index="1">
              <value>
                <![CDATA[testuser3]]>
              </value>
            </param>
            <param index="2">
              <value>
                <![CDATA[Smith]]>
              </value>
            </param>
            <param index="3">
              <value>
                <![CDATA[Steve]]>
              </value>
            </param>
            <param index="4">
              <value>
                <![CDATA[c@gmail.com]]>
              </value>
            </param>
            <param index="5">
              <value>
                <![CDATA[test@3]]>
              </value>
            </param>
            <param index="6">
              <value>
                <![CDATA[1234567897]]>
              </value>
            </param>
          </params>
          <reporter-output>
          </reporter-output>
        </test-method> <!-- testPostuser -->
        <test-method signature="testDeleteUserByName(java.lang.String)[pri:2, instance:api.test.DDTests@4fb61f4a]" started-at="2024-11-26T12:39:57 IST" name="testDeleteUserByName" data-provider="UserNames" finished-at="2024-11-26T12:39:59 IST" duration-ms="1518" status="PASS">
          <params>
            <param index="0">
              <value>
                <![CDATA[testuser1]]>
              </value>
            </param>
          </params>
          <reporter-output>
          </reporter-output>
        </test-method> <!-- testDeleteUserByName -->
        <test-method signature="testDeleteUserByName(java.lang.String)[pri:2, instance:api.test.DDTests@4fb61f4a]" started-at="2024-11-26T12:39:59 IST" name="testDeleteUserByName" data-provider="UserNames" finished-at="2024-11-26T12:40:00 IST" duration-ms="1599" status="PASS">
          <params>
            <param index="0">
              <value>
                <![CDATA[testuser2]]>
              </value>
            </param>
          </params>
          <reporter-output>
          </reporter-output>
        </test-method> <!-- testDeleteUserByName -->
        <test-method signature="testDeleteUserByName(java.lang.String)[pri:2, instance:api.test.DDTests@4fb61f4a]" started-at="2024-11-26T12:40:00 IST" name="testDeleteUserByName" data-provider="UserNames" finished-at="2024-11-26T12:40:02 IST" duration-ms="1937" status="PASS">
          <params>
            <param index="0">
              <value>
                <![CDATA[testuser3]]>
              </value>
            </param>
          </params>
          <reporter-output>
          </reporter-output>
        </test-method> <!-- testDeleteUserByName -->
      </class> <!-- api.test.DDTests -->
    </test> <!-- PetTests -->
  </suite> <!-- PetSuite -->
</testng-results>
