<?xml version="1.0" encoding="UTF-8"?>
<testng-results ignored="0" total="14" passed="14" failed="0" skipped="0">
  <reporter-output>
  </reporter-output>
  <suite started-at="2024-11-26T11:30:20 IST" name="PetSuite" finished-at="2024-11-26T11:31:02 IST" duration-ms="42937">
    <groups>
    </groups>
    <test started-at="2024-11-26T11:30:20 IST" name="PetTests" finished-at="2024-11-26T11:31:02 IST" duration-ms="42937">
      <class name="api.test.UserTests2">
        <test-method is-config="true" signature="setup()[pri:0, instance:api.test.UserTests2@4fb0f2b9]" started-at="2024-11-26T11:30:51 IST" name="setup" finished-at="2024-11-26T11:30:51 IST" duration-ms="50" status="PASS">
          <reporter-output>
          </reporter-output>
        </test-method> <!-- setup -->
        <test-method signature="testPostUser()[pri:1, instance:api.test.UserTests2@4fb0f2b9]" started-at="2024-11-26T11:30:51 IST" name="testPostUser" finished-at="2024-11-26T11:30:54 IST" duration-ms="2818" status="PASS">
          <reporter-output>
          </reporter-output>
        </test-method> <!-- testPostUser -->
        <test-method signature="testGetUserByName()[pri:2, instance:api.test.UserTests2@4fb0f2b9]" started-at="2024-11-26T11:30:54 IST" name="testGetUserByName" finished-at="2024-11-26T11:30:56 IST" duration-ms="2247" status="PASS">
          <reporter-output>
          </reporter-output>
        </test-method> <!-- testGetUserByName -->
        <test-method signature="testUpdateUserByName()[pri:3, instance:api.test.UserTests2@4fb0f2b9]" started-at="2024-11-26T11:30:56 IST" name="testUpdateUserByName" finished-at="2024-11-26T11:31:01 IST" duration-ms="4193" status="PASS">
          <reporter-output>
          </reporter-output>
        </test-method> <!-- testUpdateUserByName -->
        <test-method signature="testDeleteUserByName()[pri:4, instance:api.test.UserTests2@4fb0f2b9]" started-at="2024-11-26T11:31:01 IST" name="testDeleteUserByName" finished-at="2024-11-26T11:31:02 IST" duration-ms="1948" status="PASS">
          <reporter-output>
          </reporter-output>
        </test-method> <!-- testDeleteUserByName -->
      </class> <!-- api.test.UserTests2 -->
      <class name="api.test.UserTests">
        <test-method is-config="true" signature="setupData()[pri:0, instance:api.test.UserTests@1fa268de]" started-at="2024-11-26T11:30:20 IST" name="setupData" finished-at="2024-11-26T11:30:20 IST" duration-ms="295" status="PASS">
          <reporter-output>
          </reporter-output>
        </test-method> <!-- setupData -->
        <test-method signature="TestPostUser()[pri:1, instance:api.test.UserTests@1fa268de]" started-at="2024-11-26T11:30:20 IST" name="TestPostUser" finished-at="2024-11-26T11:30:25 IST" duration-ms="4698" status="PASS">
          <reporter-output>
          </reporter-output>
        </test-method> <!-- TestPostUser -->
        <test-method signature="TestGetUserByName()[pri:2, instance:api.test.UserTests@1fa268de]" started-at="2024-11-26T11:30:25 IST" name="TestGetUserByName" finished-at="2024-11-26T11:30:27 IST" duration-ms="1835" status="PASS">
          <reporter-output>
          </reporter-output>
        </test-method> <!-- TestGetUserByName -->
        <test-method signature="TestUpdateUserByName()[pri:3, instance:api.test.UserTests@1fa268de]" started-at="2024-11-26T11:30:27 IST" name="TestUpdateUserByName" finished-at="2024-11-26T11:30:31 IST" duration-ms="4513" status="PASS">
          <reporter-output>
          </reporter-output>
        </test-method> <!-- TestUpdateUserByName -->
        <test-method signature="TestDeleteUserByName()[pri:4, instance:api.test.UserTests@1fa268de]" started-at="2024-11-26T11:30:31 IST" name="TestDeleteUserByName" finished-at="2024-11-26T11:30:34 IST" duration-ms="2256" status="PASS">
          <reporter-output>
          </reporter-output>
        </test-method> <!-- TestDeleteUserByName -->
      </class> <!-- api.test.UserTests -->
      <class name="api.test.DDTests">
        <test-method signature="testPostuser(java.lang.String,java.lang.String,java.lang.String,java.lang.String,java.lang.String,java.lang.String,java.lang.String)[pri:1, instance:api.test.DDTests@4fb61f4a]" started-at="2024-11-26T11:30:36 IST" name="testPostuser" data-provider="Data" finished-at="2024-11-26T11:30:39 IST" duration-ms="2780" status="PASS">
          <params>
            <param index="0">
              <value>
                <![CDATA[1010]]>
              </value>
            </param>
            <param index="1">
              <value>
                <![CDATA[testuser1]]>
              </value>
            </param>
            <param index="2">
              <value>
                <![CDATA[John]]>
              </value>
            </param>
            <param index="3">
              <value>
                <![CDATA[Canedy]]>
              </value>
            </param>
            <param index="4">
              <value>
                <![CDATA[a@gmail.com]]>
              </value>
            </param>
            <param index="5">
              <value>
                <![CDATA[test@1]]>
              </value>
            </param>
            <param index="6">
              <value>
                <![CDATA[1234567897]]>
              </value>
            </param>
          </params>
          <reporter-output>
          </reporter-output>
        </test-method> <!-- testPostuser -->
        <test-method signature="testPostuser(java.lang.String,java.lang.String,java.lang.String,java.lang.String,java.lang.String,java.lang.String,java.lang.String)[pri:1, instance:api.test.DDTests@4fb61f4a]" started-at="2024-11-26T11:30:39 IST" name="testPostuser" data-provider="Data" finished-at="2024-11-26T11:30:41 IST" duration-ms="2456" status="PASS">
          <params>
            <param index="0">
              <value>
                <![CDATA[1020]]>
              </value>
            </param>
            <param index="1">
              <value>
                <![CDATA[testuser2]]>
              </value>
            </param>
            <param index="2">
              <value>
                <![CDATA[Kim]]>
              </value>
            </param>
            <param index="3">
              <value>
                <![CDATA[Kom]]>
              </value>
            </param>
            <param index="4">
              <value>
                <![CDATA[b@gmail.com]]>
              </value>
            </param>
            <param index="5">
              <value>
                <![CDATA[test@2]]>
              </value>
            </param>
            <param index="6">
              <value>
                <![CDATA[1234567897]]>
              </value>
            </param>
          </params>
          <reporter-output>
          </reporter-output>
        </test-method> <!-- testPostuser -->
        <test-method signature="testPostuser(java.lang.String,java.lang.String,java.lang.String,java.lang.String,java.lang.String,java.lang.String,java.lang.String)[pri:1, instance:api.test.DDTests@4fb61f4a]" started-at="2024-11-26T11:30:41 IST" name="testPostuser" data-provider="Data" finished-at="2024-11-26T11:30:44 IST" duration-ms="2456" status="PASS">
          <params>
            <param index="0">
              <value>
                <![CDATA[1030]]>
              </value>
            </param>
            <param index="1">
              <value>
                <![CDATA[testuser3]]>
              </value>
            </param>
            <param index="2">
              <value>
                <![CDATA[Smith]]>
              </value>
            </param>
            <param index="3">
              <value>
                <![CDATA[Steve]]>
              </value>
            </param>
            <param index="4">
              <value>
                <![CDATA[c@gmail.com]]>
              </value>
            </param>
            <param index="5">
              <value>
                <![CDATA[test@3]]>
              </value>
            </param>
            <param index="6">
              <value>
                <![CDATA[1234567897]]>
              </value>
            </param>
          </params>
          <reporter-output>
          </reporter-output>
        </test-method> <!-- testPostuser -->
        <test-method signature="testDeleteUserByName(java.lang.String)[pri:2, instance:api.test.DDTests@4fb61f4a]" started-at="2024-11-26T11:30:44 IST" name="testDeleteUserByName" data-provider="UserNames" finished-at="2024-11-26T11:30:46 IST" duration-ms="2131" status="PASS">
          <params>
            <param index="0">
              <value>
                <![CDATA[testuser1]]>
              </value>
            </param>
          </params>
          <reporter-output>
          </reporter-output>
        </test-method> <!-- testDeleteUserByName -->
        <test-method signature="testDeleteUserByName(java.lang.String)[pri:2, instance:api.test.DDTests@4fb61f4a]" started-at="2024-11-26T11:30:46 IST" name="testDeleteUserByName" data-provider="UserNames" finished-at="2024-11-26T11:30:49 IST" duration-ms="2459" status="PASS">
          <params>
            <param index="0">
              <value>
                <![CDATA[testuser2]]>
              </value>
            </param>
          </params>
          <reporter-output>
          </reporter-output>
        </test-method> <!-- testDeleteUserByName -->
        <test-method signature="testDeleteUserByName(java.lang.String)[pri:2, instance:api.test.DDTests@4fb61f4a]" started-at="2024-11-26T11:30:49 IST" name="testDeleteUserByName" data-provider="UserNames" finished-at="2024-11-26T11:30:51 IST" duration-ms="2657" status="PASS">
          <params>
            <param index="0">
              <value>
                <![CDATA[testuser3]]>
              </value>
            </param>
          </params>
          <reporter-output>
          </reporter-output>
        </test-method> <!-- testDeleteUserByName -->
      </class> <!-- api.test.DDTests -->
    </test> <!-- PetTests -->
  </suite> <!-- PetSuite -->
</testng-results>
