<?xml version="1.0" encoding="UTF-8"?>
<testng-results ignored="0" total="5" passed="5" failed="0" skipped="0">
  <reporter-output>
  </reporter-output>
  <suite started-at="2024-11-26T15:28:17 IST" name="PetSuite" finished-at="2024-11-26T15:28:33 IST" duration-ms="15919">
    <groups>
    </groups>
    <test started-at="2024-11-26T15:28:17 IST" name="PetTests" finished-at="2024-11-26T15:28:33 IST" duration-ms="15919">
      <class name="api.test.UserTests2">
        <test-method is-config="true" signature="setup()[pri:0, instance:api.test.UserTests2@74d1dc36]" started-at="2024-11-26T15:28:17 IST" name="setup" finished-at="2024-11-26T15:28:18 IST" duration-ms="644" status="PASS">
          <reporter-output>
          </reporter-output>
        </test-method> <!-- setup -->
        <test-method signature="testPostUser()[pri:1, instance:api.test.UserTests2@74d1dc36]" started-at="2024-11-26T15:28:18 IST" name="testPostUser" finished-at="2024-11-26T15:28:21 IST" duration-ms="3395" status="PASS">
          <reporter-output>
          </reporter-output>
        </test-method> <!-- testPostUser -->
        <test-method signature="testGetUserByName()[pri:2, instance:api.test.UserTests2@74d1dc36]" started-at="2024-11-26T15:28:21 IST" name="testGetUserByName" finished-at="2024-11-26T15:28:23 IST" duration-ms="1839" status="PASS">
          <reporter-output>
          </reporter-output>
        </test-method> <!-- testGetUserByName -->
        <test-method signature="testLoginUser()[pri:3, instance:api.test.UserTests2@74d1dc36]" started-at="2024-11-26T15:28:23 IST" name="testLoginUser" finished-at="2024-11-26T15:28:25 IST" duration-ms="2112" status="PASS">
          <reporter-output>
          </reporter-output>
        </test-method> <!-- testLoginUser -->
        <test-method signature="testUpdateUserByName()[pri:4, instance:api.test.UserTests2@74d1dc36]" started-at="2024-11-26T15:28:25 IST" name="testUpdateUserByName" finished-at="2024-11-26T15:28:29 IST" duration-ms="3487" status="PASS">
          <reporter-output>
          </reporter-output>
        </test-method> <!-- testUpdateUserByName -->
        <test-method signature="testDeleteUserByName()[pri:5, instance:api.test.UserTests2@74d1dc36]" started-at="2024-11-26T15:28:29 IST" name="testDeleteUserByName" finished-at="2024-11-26T15:28:33 IST" duration-ms="4157" status="PASS">
          <reporter-output>
          </reporter-output>
        </test-method> <!-- testDeleteUserByName -->
      </class> <!-- api.test.UserTests2 -->
    </test> <!-- PetTests -->
  </suite> <!-- PetSuite -->
</testng-results>
