<?xml version="1.0" encoding="UTF-8"?>
<!-- Generated by org.testng.reporters.JUnitXMLReporter -->
<testsuite ignored="0" hostname="Balram" failures="0" tests="14" name="PetTests" time="37.999" errors="0" timestamp="2024-11-26T12:40:10 IST">
  <testcase classname="api.test.UserTests" name="TestPostUser" time="5.882"/>
  <testcase classname="api.test.UserTests" name="TestGetUserByName" time="2.478"/>
  <testcase classname="api.test.UserTests" name="TestUpdateUserByName" time="7.268"/>
  <testcase classname="api.test.UserTests" name="TestDeleteUserByName" time="2.04"/>
  <testcase classname="api.test.DDTests" name="testPostuser" time="1.285"/>
  <testcase classname="api.test.DDTests" name="testPostuser" time="1.381"/>
  <testcase classname="api.test.DDTests" name="testPostuser" time="1.58"/>
  <testcase classname="api.test.DDTests" name="testDeleteUserByName" time="1.518"/>
  <testcase classname="api.test.DDTests" name="testDeleteUserByName" time="1.599"/>
  <testcase classname="api.test.DDTests" name="testDeleteUserByName" time="1.937"/>
  <testcase classname="api.test.UserTests2" name="testPostUser" time="1.531"/>
  <testcase classname="api.test.UserTests2" name="testGetUserByName" time="1.618"/>
  <testcase classname="api.test.UserTests2" name="testUpdateUserByName" time="2.932"/>
  <testcase classname="api.test.UserTests2" name="testDeleteUserByName" time="1.474"/>
</testsuite> <!-- PetTests -->
