<?xml version="1.0" encoding="UTF-8"?>
<!-- Generated by org.testng.reporters.JUnitXMLReporter -->
<testsuite ignored="0" hostname="Balram" failures="0" tests="14" name="PetTests" time="42.937" errors="0" timestamp="2024-11-26T11:31:03 IST">
  <testcase classname="api.test.UserTests" name="TestPostUser" time="4.698"/>
  <testcase classname="api.test.UserTests" name="TestGetUserByName" time="1.835"/>
  <testcase classname="api.test.UserTests" name="TestUpdateUserByName" time="4.513"/>
  <testcase classname="api.test.UserTests" name="TestDeleteUserByName" time="2.256"/>
  <testcase classname="api.test.DDTests" name="testPostuser" time="2.78"/>
  <testcase classname="api.test.DDTests" name="testPostuser" time="2.456"/>
  <testcase classname="api.test.DDTests" name="testPostuser" time="2.456"/>
  <testcase classname="api.test.DDTests" name="testDeleteUserByName" time="2.131"/>
  <testcase classname="api.test.DDTests" name="testDeleteUserByName" time="2.459"/>
  <testcase classname="api.test.DDTests" name="testDeleteUserByName" time="2.657"/>
  <testcase classname="api.test.UserTests2" name="testPostUser" time="2.818"/>
  <testcase classname="api.test.UserTests2" name="testGetUserByName" time="2.247"/>
  <testcase classname="api.test.UserTests2" name="testUpdateUserByName" time="4.193"/>
  <testcase classname="api.test.UserTests2" name="testDeleteUserByName" time="1.948"/>
</testsuite> <!-- PetTests -->
