<?xml version="1.0" encoding="UTF-8"?>
<!-- Generated by org.testng.reporters.JUnitXMLReporter -->
<testsuite ignored="0" hostname="Balram" failures="0" tests="4" name="PetTests" time="14.606" errors="0" timestamp="2024-11-26T10:44:17 IST">
  <testcase classname="api.test.UserTests2" name="testPostUser" time="4.802"/>
  <testcase classname="api.test.UserTests2" name="testGetUserByName" time="2.103"/>
  <testcase classname="api.test.UserTests2" name="testUpdateUserByName" time="4.084"/>
  <testcase classname="api.test.UserTests2" name="testDeleteUserByName" time="1.941"/>
</testsuite> <!-- PetTests -->
