<?xml version="1.0" encoding="UTF-8"?>
<!-- Generated by org.testng.reporters.JUnitXMLReporter -->
<testsuite ignored="0" hostname="Balram" failures="0" tests="5" name="PetTests" time="15.919" errors="0" timestamp="2024-11-26T15:28:33 IST">
  <testcase classname="api.test.UserTests2" name="testPostUser" time="3.395"/>
  <testcase classname="api.test.UserTests2" name="testGetUserByName" time="1.839"/>
  <testcase classname="api.test.UserTests2" name="testLoginUser" time="2.112"/>
  <testcase classname="api.test.UserTests2" name="testUpdateUserByName" time="3.487"/>
  <testcase classname="api.test.UserTests2" name="testDeleteUserByName" time="4.157"/>
</testsuite> <!-- PetTests -->
